Text Translation/starter/app/build/intermediates/manifest_merge_blame_file/debug/manifest-merger-blame-debug-report.txt
1<?xml version="1.0" encoding="utf-8"?>
2<!--
3  ~ Copyright 2019 Google Inc. All Rights Reserved.
4  ~
5  ~ Licensed under the Apache License, Version 2.0 (the "License");
6  ~ you may not use this file except in compliance with the License.
7  ~ You may obtain a copy of the License at
8  ~
9  ~ http://www.apache.org/licenses/LICENSE-2.0
10  ~
11  ~  Unless required by applicable law or agreed to in writing, software
12  ~  distributed under the License is distributed on an "AS IS" BASIS,
13  ~  WITHOUT WARRANTIES OR CONDITIONS OF ANY KIND, either express or implied.
14  ~  See the License for the specific language governing permissions and
15  ~  limitations under the License.
16  ~
17-->
18<manifest xmlns:android="http://schemas.android.com/apk/res/android"
19    package="com.google.mlkit.codelab.translate"
20    android:versionCode="1"
21    android:versionName="1.0" >
22
23    <uses-sdk
24        android:minSdkVersion="21"
24-->src\main\AndroidManifest.xml
25        android:targetSdkVersion="30" />
25-->src\main\AndroidManifest.xml
26
27    <uses-permission android:name="android.permission.CAMERA" />
27-->src\main\AndroidManifest.xml:22:5-65
27-->src\main\AndroidManifest.xml:22:22-62
28    <uses-permission android:name="android.permission.ACCESS_NETWORK_STATE" />
28-->[com.google.firebase:firebase-iid:20.1.5] AndroidManifest.xml:22:5-79
28-->[com.google.firebase:firebase-iid:20.1.5] AndroidManifest.xml:22:22-76
29    <uses-permission android:name="android.permission.INTERNET" />
29-->[com.google.firebase:firebase-iid:20.1.5] AndroidManifest.xml:23:5-67
29-->[com.google.firebase:firebase-iid:20.1.5] AndroidManifest.xml:23:22-64
30    <uses-permission android:name="android.permission.WAKE_LOCK" /> <!-- Required by older versions of Google Play services to create IID tokens -->
30-->[com.google.firebase:firebase-iid:20.1.5] AndroidManifest.xml:24:5-68
30-->[com.google.firebase:firebase-iid:20.1.5] AndroidManifest.xml:24:22-65
31    <uses-permission android:name="com.google.android.c2dm.permission.RECEIVE" />
31-->[com.google.firebase:firebase-iid:20.1.5] AndroidManifest.xml:26:5-82
31-->[com.google.firebase:firebase-iid:20.1.5] AndroidManifest.xml:26:22-79
32
33    <application
33-->src\main\AndroidManifest.xml:24:5-42:19
34        android:allowBackup="true"
34-->src\main\AndroidManifest.xml:25:9-35
35        android:appComponentFactory="androidx.core.app.CoreComponentFactory"
35-->[androidx.core:core:1.3.0] AndroidManifest.xml:24:18-86
36        android:debuggable="true"
37        android:icon="@mipmap/ic_launcher"
37-->src\main\AndroidManifest.xml:26:9-43
38        android:label="@string/app_name"
38-->src\main\AndroidManifest.xml:27:9-41
39        android:roundIcon="@mipmap/ic_launcher_round"
39-->src\main\AndroidManifest.xml:28:9-54
40        android:supportsRtl="true"
40-->src\main\AndroidManifest.xml:29:9-35
41        android:testOnly="true"
42        android:theme="@style/AppTheme" >
42-->src\main\AndroidManifest.xml:30:9-40
43        <activity
43-->src\main\AndroidManifest.xml:31:9-37:20
44            android:name="com.google.mlkit.codelab.translate.MainActivity"
44-->src\main\AndroidManifest.xml:31:19-47
45            android:screenOrientation="portrait" >
45-->src\main\AndroidManifest.xml:31:48-84
46            <intent-filter>
46-->src\main\AndroidManifest.xml:32:13-36:29
47                <action android:name="android.intent.action.MAIN" />
47-->src\main\AndroidManifest.xml:33:17-69
47-->src\main\AndroidManifest.xml:33:25-66
48
49                <category android:name="android.intent.category.LAUNCHER" />
49-->src\main\AndroidManifest.xml:35:17-77
49-->src\main\AndroidManifest.xml:35:27-74
50            </intent-filter>
51        </activity>
52        <!-- Automatically download the text recognition model after app install -->
53        <meta-data
53-->src\main\AndroidManifest.xml:39:9-41:35
54            android:name="com.google.ml.vision.DEPENDENCIES"
54-->src\main\AndroidManifest.xml:40:13-61
55            android:value="ocr" />
55-->src\main\AndroidManifest.xml:41:13-32
56
57        <service
57-->[com.google.android.gms:play-services-mlkit-text-recognition:16.0.0] AndroidManifest.xml:9:9-15:19
58            android:name="com.google.mlkit.common.internal.MlKitComponentDiscoveryService"
58-->[com.google.android.gms:play-services-mlkit-text-recognition:16.0.0] AndroidManifest.xml:10:13-91
59            android:directBootAware="true"
59-->[com.google.mlkit:common:16.0.0] AndroidManifest.xml:17:13-43
60            android:exported="false" >
60-->[com.google.android.gms:play-services-mlkit-text-recognition:16.0.0] AndroidManifest.xml:11:13-37
61            <meta-data
61-->[com.google.android.gms:play-services-mlkit-text-recognition:16.0.0] AndroidManifest.xml:12:13-14:85
62                android:name="com.google.firebase.components:com.google.mlkit.vision.text.internal.TextRegistrar"
62-->[com.google.android.gms:play-services-mlkit-text-recognition:16.0.0] AndroidManifest.xml:13:17-114
63                android:value="com.google.firebase.components.ComponentRegistrar" />
63-->[com.google.android.gms:play-services-mlkit-text-recognition:16.0.0] AndroidManifest.xml:14:17-82
64            <meta-data
64-->[com.google.mlkit:language-id:16.0.0] AndroidManifest.xml:11:13-13:85
65                android:name="com.google.firebase.components:com.google.mlkit.nl.languageid.LanguageIdRegistrar"
65-->[com.google.mlkit:language-id:16.0.0] AndroidManifest.xml:12:17-113
66                android:value="com.google.firebase.components.ComponentRegistrar" />
66-->[com.google.mlkit:language-id:16.0.0] AndroidManifest.xml:13:17-82
67            <meta-data
67-->[com.google.mlkit:translate:16.0.0] AndroidManifest.xml:11:13-13:85
68                android:name="com.google.firebase.components:com.google.mlkit.nl.translate.NaturalLanguageTranslateRegistrar"
68-->[com.google.mlkit:translate:16.0.0] AndroidManifest.xml:12:17-126
69                android:value="com.google.firebase.components.ComponentRegistrar" />
69-->[com.google.mlkit:translate:16.0.0] AndroidManifest.xml:13:17-82
70            <meta-data
70-->[com.google.mlkit:translate:16.0.0] AndroidManifest.xml:14:13-16:85
71                android:name="com.google.firebase.components:com.google.mlkit.nl.translate.RemoteConfigRegistrar"
71-->[com.google.mlkit:translate:16.0.0] AndroidManifest.xml:15:17-114
72                android:value="com.google.firebase.components.ComponentRegistrar" />
72-->[com.google.mlkit:translate:16.0.0] AndroidManifest.xml:16:17-82
73            <meta-data
73-->[com.google.mlkit:vision-common:16.0.0] AndroidManifest.xml:12:13-14:85
74                android:name="com.google.firebase.components:com.google.mlkit.vision.common.internal.VisionCommonRegistrar"
74-->[com.google.mlkit:vision-common:16.0.0] AndroidManifest.xml:13:17-124
75                android:value="com.google.firebase.components.ComponentRegistrar" />
75-->[com.google.mlkit:vision-common:16.0.0] AndroidManifest.xml:14:17-82
76            <meta-data
76-->[com.google.mlkit:common:16.0.0] AndroidManifest.xml:20:13-22:85
77                android:name="com.google.firebase.components:com.google.mlkit.common.internal.CommonComponentRegistrar"
77-->[com.google.mlkit:common:16.0.0] AndroidManifest.xml:21:17-120
78                android:value="com.google.firebase.components.ComponentRegistrar" />
78-->[com.google.mlkit:common:16.0.0] AndroidManifest.xml:22:17-82
79        </service>
80        <service
80-->[com.google.firebase:firebase-ml-vision:24.0.3] AndroidManifest.xml:9:9-15:19
81            android:name="com.google.firebase.components.ComponentDiscoveryService"
81-->[com.google.firebase:firebase-ml-vision:24.0.3] AndroidManifest.xml:10:13-84
82            android:directBootAware="true"
82-->[com.google.firebase:firebase-common:19.3.0] AndroidManifest.xml:34:13-43
83            android:exported="false" >
83-->[com.google.firebase:firebase-ml-vision:24.0.3] AndroidManifest.xml:11:13-37
84            <meta-data
84-->[com.google.firebase:firebase-ml-vision:24.0.3] AndroidManifest.xml:12:13-14:85
85                android:name="com.google.firebase.components:com.google.firebase.ml.vision.VisionRegistrar"
85-->[com.google.firebase:firebase-ml-vision:24.0.3] AndroidManifest.xml:13:17-108
86                android:value="com.google.firebase.components.ComponentRegistrar" />
86-->[com.google.firebase:firebase-ml-vision:24.0.3] AndroidManifest.xml:14:17-82
87            <meta-data
87-->[com.google.firebase:firebase-ml-common:22.1.1] AndroidManifest.xml:11:13-13:85
88                android:name="com.google.firebase.components:com.google.firebase.ml.common.CommonComponentRegistrar"
88-->[com.google.firebase:firebase-ml-common:22.1.1] AndroidManifest.xml:12:17-117
89                android:value="com.google.firebase.components.ComponentRegistrar" />
89-->[com.google.firebase:firebase-ml-common:22.1.1] AndroidManifest.xml:13:17-82
90            <meta-data
90-->[com.google.firebase:firebase-iid:20.1.5] AndroidManifest.xml:32:13-34:85
91                android:name="com.google.firebase.components:com.google.firebase.iid.Registrar"
91-->[com.google.firebase:firebase-iid:20.1.5] AndroidManifest.xml:33:17-96
92                android:value="com.google.firebase.components.ComponentRegistrar" />
92-->[com.google.firebase:firebase-iid:20.1.5] AndroidManifest.xml:34:17-82
93            <meta-data
93-->[com.google.firebase:firebase-installations:16.2.1] AndroidManifest.xml:17:13-19:85
94                android:name="com.google.firebase.components:com.google.firebase.installations.FirebaseInstallationsRegistrar"
94-->[com.google.firebase:firebase-installations:16.2.1] AndroidManifest.xml:18:17-127
95                android:value="com.google.firebase.components.ComponentRegistrar" />
95-->[com.google.firebase:firebase-installations:16.2.1] AndroidManifest.xml:19:17-82
96        </service>
97
98        <provider
98-->[com.google.mlkit:common:16.0.0] AndroidManifest.xml:9:9-13:38
99            android:name="com.google.mlkit.common.internal.MlKitInitProvider"
99-->[com.google.mlkit:common:16.0.0] AndroidManifest.xml:10:13-78
100            android:authorities="com.google.mlkit.codelab.translate.mlkitinitprovider"
100-->[com.google.mlkit:common:16.0.0] AndroidManifest.xml:11:13-69
101            android:exported="false"
101-->[com.google.mlkit:common:16.0.0] AndroidManifest.xml:12:13-37
102            android:initOrder="99" />
102-->[com.google.mlkit:common:16.0.0] AndroidManifest.xml:13:13-35
103
104        <receiver
104-->[com.google.firebase:firebase-iid:20.1.5] AndroidManifest.xml:37:9-44:20
105            android:name="com.google.firebase.iid.FirebaseInstanceIdReceiver"
105-->[com.google.firebase:firebase-iid:20.1.5] AndroidManifest.xml:38:13-78
106            android:exported="true"
106-->[com.google.firebase:firebase-iid:20.1.5] AndroidManifest.xml:39:13-36
107            android:permission="com.google.android.c2dm.permission.SEND" >
107-->[com.google.firebase:firebase-iid:20.1.5] AndroidManifest.xml:40:13-73
108            <intent-filter>
108-->[com.google.firebase:firebase-iid:20.1.5] AndroidManifest.xml:41:13-43:29
109                <action android:name="com.google.android.c2dm.intent.RECEIVE" />
109-->[com.google.firebase:firebase-iid:20.1.5] AndroidManifest.xml:42:17-81
109-->[com.google.firebase:firebase-iid:20.1.5] AndroidManifest.xml:42:25-78
110            </intent-filter>
111        </receiver>
112
113        <activity
113-->[com.google.android.gms:play-services-base:17.0.0] AndroidManifest.xml:23:9-26:75
114            android:name="com.google.android.gms.common.api.GoogleApiActivity"
114-->[com.google.android.gms:play-services-base:17.0.0] AndroidManifest.xml:24:13-79
115            android:exported="false"
115-->[com.google.android.gms:play-services-base:17.0.0] AndroidManifest.xml:25:13-37
116            android:theme="@android:style/Theme.Translucent.NoTitleBar" />
116-->[com.google.android.gms:play-services-base:17.0.0] AndroidManifest.xml:26:13-72
117
118        <provider
118-->[com.google.firebase:firebase-common:19.3.0] AndroidManifest.xml:26:9-30:39
119            android:name="com.google.firebase.provider.FirebaseInitProvider"
119-->[com.google.firebase:firebase-common:19.3.0] AndroidManifest.xml:27:13-77
120            android:authorities="com.google.mlkit.codelab.translate.firebaseinitprovider"
120-->[com.google.firebase:firebase-common:19.3.0] AndroidManifest.xml:28:13-72
121            android:exported="false"
121-->[com.google.firebase:firebase-common:19.3.0] AndroidManifest.xml:29:13-37
122            android:initOrder="100" />
122-->[com.google.firebase:firebase-common:19.3.0] AndroidManifest.xml:30:13-36
123
124        <meta-data
124-->[com.google.android.gms:play-services-basement:17.0.0] AndroidManifest.xml:23:9-25:69
125            android:name="com.google.android.gms.version"
125-->[com.google.android.gms:play-services-basement:17.0.0] AndroidManifest.xml:24:13-58
126            android:value="@integer/google_play_services_version" />
126-->[com.google.android.gms:play-services-basement:17.0.0] AndroidManifest.xml:25:13-66
127
128        <provider
128-->[androidx.lifecycle:lifecycle-process:2.2.0] AndroidManifest.xml:25:9-29:43
129            android:name="androidx.lifecycle.ProcessLifecycleOwnerInitializer"
129-->[androidx.lifecycle:lifecycle-process:2.2.0] AndroidManifest.xml:26:13-79
130            android:authorities="com.google.mlkit.codelab.translate.lifecycle-process"
130-->[androidx.lifecycle:lifecycle-process:2.2.0] AndroidManifest.xml:27:13-69
131            android:exported="false"
131-->[androidx.lifecycle:lifecycle-process:2.2.0] AndroidManifest.xml:28:13-37
132            android:multiprocess="true" />
132-->[androidx.lifecycle:lifecycle-process:2.2.0] AndroidManifest.xml:29:13-40
133
134        <service
134-->[com.google.android.datatransport:transport-backend-cct:2.2.2] AndroidManifest.xml:29:9-35:19
135            android:name="com.google.android.datatransport.runtime.backends.TransportBackendDiscovery"
135-->[com.google.android.datatransport:transport-backend-cct:2.2.2] AndroidManifest.xml:30:13-103
136            android:exported="false" >
136-->[com.google.android.datatransport:transport-backend-cct:2.2.2] AndroidManifest.xml:31:13-37
137            <meta-data
137-->[com.google.android.datatransport:transport-backend-cct:2.2.2] AndroidManifest.xml:32:13-34:39
138                android:name="backend:com.google.android.datatransport.cct.CctBackendFactory"
138-->[com.google.android.datatransport:transport-backend-cct:2.2.2] AndroidManifest.xml:33:17-94
139                android:value="cct" />
139-->[com.google.android.datatransport:transport-backend-cct:2.2.2] AndroidManifest.xml:34:17-36
140        </service>
141        <service
141-->[com.google.android.datatransport:transport-runtime:2.2.2] AndroidManifest.xml:26:9-30:19
142            android:name="com.google.android.datatransport.runtime.scheduling.jobscheduling.JobInfoSchedulerService"
142-->[com.google.android.datatransport:transport-runtime:2.2.2] AndroidManifest.xml:27:13-117
143            android:exported="false"
143-->[com.google.android.datatransport:transport-runtime:2.2.2] AndroidManifest.xml:28:13-37
144            android:permission="android.permission.BIND_JOB_SERVICE" >
144-->[com.google.android.datatransport:transport-runtime:2.2.2] AndroidManifest.xml:29:13-69
145        </service>
146
147        <receiver
147-->[com.google.android.datatransport:transport-runtime:2.2.2] AndroidManifest.xml:32:9-34:40
148            android:name="com.google.android.datatransport.runtime.scheduling.jobscheduling.AlarmManagerSchedulerBroadcastReceiver"
148-->[com.google.android.datatransport:transport-runtime:2.2.2] AndroidManifest.xml:33:13-132
149            android:exported="false" />
149-->[com.google.android.datatransport:transport-runtime:2.2.2] AndroidManifest.xml:34:13-37
150    </application>
151
152</manifest>